<?xml version="1.0" encoding="UTF-8"?>
<!-- Generated by org.testng.reporters.JUnitReportReporter -->
<testsuite hostname="DESKTOP-HU3IM2H" failures="0" tests="1" name="Revision.SelfProject2.BaseClass" time="6.517" errors="0" timestamp="2021-09-10T11:05:50 IST" skipped="0">
  <testcase classname="Revision.SelfProject2.BaseClass" name="launchBrowser" time="6.517"/>
  <system-out/>
</testsuite> <!-- Revision.SelfProject2.BaseClass -->
