<?xml version="1.0" encoding="UTF-8"?>
<!-- Generated by org.testng.reporters.JUnitReportReporter -->
<testsuite hostname="DESKTOP-HU3IM2H" failures="0" tests="1" name="Revision.SelfProject2.FileUploadTest" time="27.789" errors="0" timestamp="2021-09-11T19:28:32 IST" skipped="0">
  <testcase classname="Revision.SelfProject2.FileUploadTest" name="abc" time="27.789"/>
  <system-out/>
</testsuite> <!-- Revision.SelfProject2.FileUploadTest -->
