<?xml version="1.0" encoding="UTF-8"?>
<!-- Generated by org.testng.reporters.JUnitReportReporter -->
<testsuite skipped="0" hostname="DESKTOP-HU3IM2H" name="Revision.SelfProject2.FileUploadTest" tests="1" failures="0" timestamp="2021-09-11T19:36:04 IST" time="35.108" errors="0">
  <testcase name="abc" time="35.108" classname="Revision.SelfProject2.FileUploadTest"/>
  <system-out/>
</testsuite> <!-- Revision.SelfProject2.FileUploadTest -->
